Start testing: Sep 13 20:45 BST
----------------------------------------------------------
1/1 Testing: qa_litexgnu
1/1 Test: qa_litexgnu
Command: "/usr/bin/sh" "/home/cardiff/Desktop/gr-litexgnu/build/python/qa_litexgnu_test.sh"
Directory: /home/cardiff/Desktop/gr-litexgnu/build/python
"qa_litexgnu" start time: Sep 13 20:45 BST
Output:
----------------------------------------------------------
.
----------------------------------------------------------------------
Ran 1 test in 0.002s

OK
<end of output>
Test time =   0.19 sec
----------------------------------------------------------
Test Passed.
"qa_litexgnu" end time: Sep 13 20:45 BST
"qa_litexgnu" time elapsed: 00:00:00
----------------------------------------------------------

End testing: Sep 13 20:45 BST
