Start testing: Sep 10 11:57 BST
----------------------------------------------------------
1/1 Testing: qa_square_ff
1/1 Test: qa_square_ff
Command: "/usr/bin/sh" "/home/cardiff/Desktop/gr-howto/build/python/qa_square_ff_test.sh"
Directory: /home/cardiff/Desktop/gr-howto/build/python
"qa_square_ff" start time: Sep 10 11:57 BST
Output:
----------------------------------------------------------
.
----------------------------------------------------------------------
Ran 1 test in 0.003s

OK
DEPRECATED: Using filename with gr_unittest does no longer have any effect.
<end of output>
Test time =   0.25 sec
----------------------------------------------------------
Test Passed.
"qa_square_ff" end time: Sep 10 11:57 BST
"qa_square_ff" time elapsed: 00:00:00
----------------------------------------------------------

End testing: Sep 10 11:57 BST
